<?xml version="1.0" encoding="UTF-8"?>
<!-- Generated by org.testng.reporters.JUnitXMLReporter -->
<testsuite ignored="1" hostname="LAPTOP-2DHTLVVT" failures="0" tests="5" name="Test" time="0.172" errors="0" timestamp="2024-03-08T10:43:57 IST">
  <testcase classname="gitBasProgTest.Test5" name="test4" time="0.02"/>
  <testcase classname="gitBasProgTest.Test6" name="test5" time="0.002"/>
  <testcase classname="gitBasProgTest.Test1" name="test1" time="0.005"/>
  <testcase classname="gitBasProgTest.Test2" name="test2" time="0.002"/>
  <testcase classname="gitBasProgTest.Test3" name="test3" time="0.004"/>
  <testcase classname="gitBasProgTest.Test7" name="test7" time="0.0">
    <ignored/>
  </testcase> <!-- test7 -->
</testsuite> <!-- Test -->
