<?xml version="1.0" encoding="UTF-8"?>
<testng-results ignored="0" total="5" passed="5" failed="0" skipped="0">
  <reporter-output>
  </reporter-output>
  <suite started-at="2024-03-08T10:43:56 IST" name="Suite" finished-at="2024-03-08T10:43:57 IST" duration-ms="172">
    <groups>
      <group name="regression">
        <method signature="Test2.test2()[pri:0, instance:gitBasProgTest.Test2@31304f14]" name="test2" class="gitBasProgTest.Test2"/>
        <method signature="Test5.test4()[pri:0, instance:gitBasProgTest.Test5@2a3b5b47]" name="test4" class="gitBasProgTest.Test5"/>
        <method signature="Test6.test5()[pri:0, instance:gitBasProgTest.Test6@2a65fe7c]" name="test5" class="gitBasProgTest.Test6"/>
      </group> <!-- regression -->
      <group name="smoke">
        <method signature="Test1.test1()[pri:0, instance:gitBasProgTest.Test1@6302bbb1]" name="test1" class="gitBasProgTest.Test1"/>
        <method signature="Test2.test2()[pri:0, instance:gitBasProgTest.Test2@31304f14]" name="test2" class="gitBasProgTest.Test2"/>
        <method signature="Test3.test3()[pri:0, instance:gitBasProgTest.Test3@34a3d150]" name="test3" class="gitBasProgTest.Test3"/>
        <method signature="Test5.test4()[pri:0, instance:gitBasProgTest.Test5@2a3b5b47]" name="test4" class="gitBasProgTest.Test5"/>
        <method signature="Test6.test5()[pri:0, instance:gitBasProgTest.Test6@2a65fe7c]" name="test5" class="gitBasProgTest.Test6"/>
      </group> <!-- smoke -->
    </groups>
    <test started-at="2024-03-08T10:43:56 IST" name="Test" finished-at="2024-03-08T10:43:57 IST" duration-ms="172">
      <class name="gitBasProgTest.Test1">
        <test-method signature="test1()[pri:0, instance:gitBasProgTest.Test1@6302bbb1]" started-at="2024-03-08T10:43:57 IST" name="test1" finished-at="2024-03-08T10:43:57 IST" duration-ms="5" status="PASS">
          <reporter-output>
          </reporter-output>
        </test-method> <!-- test1 -->
      </class> <!-- gitBasProgTest.Test1 -->
      <class name="gitBasProgTest.Test6">
        <test-method signature="test5()[pri:0, instance:gitBasProgTest.Test6@2a65fe7c]" started-at="2024-03-08T10:43:57 IST" name="test5" finished-at="2024-03-08T10:43:57 IST" duration-ms="2" status="PASS">
          <reporter-output>
          </reporter-output>
        </test-method> <!-- test5 -->
      </class> <!-- gitBasProgTest.Test6 -->
      <class name="gitBasProgTest.Test5">
        <test-method signature="test4()[pri:0, instance:gitBasProgTest.Test5@2a3b5b47]" started-at="2024-03-08T10:43:57 IST" name="test4" finished-at="2024-03-08T10:43:57 IST" duration-ms="20" status="PASS">
          <reporter-output>
          </reporter-output>
        </test-method> <!-- test4 -->
      </class> <!-- gitBasProgTest.Test5 -->
      <class name="gitBasProgTest.Test2">
        <test-method signature="test2()[pri:0, instance:gitBasProgTest.Test2@31304f14]" started-at="2024-03-08T10:43:57 IST" name="test2" finished-at="2024-03-08T10:43:57 IST" duration-ms="2" status="PASS">
          <reporter-output>
          </reporter-output>
        </test-method> <!-- test2 -->
      </class> <!-- gitBasProgTest.Test2 -->
      <class name="gitBasProgTest.Test3">
        <test-method signature="test3()[pri:0, instance:gitBasProgTest.Test3@34a3d150]" started-at="2024-03-08T10:43:57 IST" name="test3" finished-at="2024-03-08T10:43:57 IST" duration-ms="4" status="PASS">
          <reporter-output>
          </reporter-output>
        </test-method> <!-- test3 -->
      </class> <!-- gitBasProgTest.Test3 -->
    </test> <!-- Test -->
  </suite> <!-- Suite -->
</testng-results>
