<?xml version="1.0" encoding="UTF-8"?>
<testng-results ignored="0" total="1" passed="1" failed="0" skipped="0">
  <reporter-output>
  </reporter-output>
  <suite started-at="2024-03-08T09:51:39 IST" name="Default suite" finished-at="2024-03-08T09:51:39 IST" duration-ms="135">
    <groups>
    </groups>
    <test started-at="2024-03-08T09:51:39 IST" name="Default test" finished-at="2024-03-08T09:51:39 IST" duration-ms="135">
      <class name="gitBasProgTest.Test1">
        <test-method signature="test1()[pri:0, instance:gitBasProgTest.Test1@7d8995e]" started-at="2024-03-08T09:51:39 IST" name="test1" finished-at="2024-03-08T09:51:39 IST" duration-ms="21" status="PASS">
          <reporter-output>
          </reporter-output>
        </test-method> <!-- test1 -->
      </class> <!-- gitBasProgTest.Test1 -->
    </test> <!-- Default test -->
  </suite> <!-- Default suite -->
</testng-results>
